<?xml version="1.0" encoding="UTF-8"?>
<!-- Generated by org.testng.reporters.JUnitXMLReporter -->
<testsuite ignored="0" hostname="SJIGOA18" failures="1" tests="1" name="Surefire test" time="94.598" errors="0" timestamp="2026-03-04T00:12:09 IST">
  <testcase classname="com.reformation.tests.ISPULabelCheckTest" name="testISPULabel" time="91.393">
    <failure type="java.lang.AssertionError" message="Pickup label should contain correct store name expected [true] but found [false]">
      <![CDATA[java.lang.AssertionError: Pickup label should contain correct store name expected [true] but found [false]
at com.reformation.tests.ISPULabelCheckTest.testISPULabel(ISPULabelCheckTest.java:78)
at java.base/java.util.ArrayList.forEach(ArrayList.java:1596)
... Removed 33 stack frames]]>
    </failure>
  </testcase> <!-- testISPULabel -->
</testsuite> <!-- Surefire test -->
